#
# There is insufficient memory for the Java Runtime Environment to continue.
# Native memory allocation (mmap) failed to map 264241152 bytes. Error detail: G1 virtual space
# Possible reasons:
#   The system is out of physical RAM or swap space
#   This process is running with CompressedOops enabled, and the Java Heap may be blocking the growth of the native heap
# Possible solutions:
#   Reduce memory load on the system
#   Increase physical memory or swap space
#   Check if swap backing store is full
#   Decrease Java heap size (-Xmx/-Xms)
#   Decrease number of Java threads
#   Decrease Java thread stack sizes (-Xss)
#   Set larger code cache with -XX:ReservedCodeCacheSize=
#   JVM is running with Zero Based Compressed Oops mode in which the Java heap is
#     placed in the first 32GB address space. The Java Heap base address is the
#     maximum limit for the native heap growth. Please use -XX:HeapBaseMinAddress
#     to set the Java Heap base and to place the Java Heap above 32GB virtual address.
# This output file may be truncated or incomplete.
#
#  Out of Memory Error (os_windows.cpp:3828), pid=73176, tid=73224
#
# JRE version:  (21.0.5+8) (build )
# Java VM: OpenJDK 64-Bit Server VM (21.0.5+8-b631.30, mixed mode, sharing, tiered, compressed oops, compressed class ptrs, g1 gc, windows-amd64)
# No core dump will be written. Minidumps are not enabled by default on client versions of Windows
#

---------------  S U M M A R Y ------------

Command Line: -Djava.io.tmpdir=C:\Users\PREDATOR\AppData\Local\JetBrains\Rider2024.3\tmp\statistics-uploader com.intellij.internal.statistic.uploader.EventLogUploader --ide-token C:\Users\PREDATOR\AppData\Local\JetBrains\Rider2024.3\token --recorders FUS;MP;IJ_MAP;ML --device-fus 290125152ac31e8-3938-499a-9bce-58a56c3cbb30 --bucket-fus 158 --machine-fus 7e65cab619237c6d129d1ea13ae2bf24da393b4be34d6bd6305c1cf29fb73931 --id-revision-fus 0 --files-fus C:\Users\PREDATOR\AppData\Local\JetBrains\Rider2024.3\event-log-data\logs\FUS\0ecb-47e9-9c36-8e6f6fddf0a3-243.23654.126-release.log;C:\Users\PREDATOR\AppData\Local\JetBrains\Rider2024.3\event-log-data\logs\FUS\5d11-4872-9b5f-d51b9de000e2-243.23654.126-release.log --escape-fus false --device-mp 2901251e7bbb4e6-6919-48cc-a274-6789ab13dfa1 --bucket-mp 61 --machine-mp 24d849382b782d6d1367923e7a049165affcee9532714fbff7eb7ef90a516f06 --id-revision-mp 0 --files-mp C:\Users\PREDATOR\AppData\Local\JetBrains\Rider2024.3\event-log-data\logs\MP\da42-4db4-88e7-3bed2d63ec50-243.23654.126-release.log --escape-mp false --device-ij_map 290125152ac31e8-3938-499a-9bce-58a56c3cbb30 --bucket-ij_map 158 --machine-ij_map 7e65cab619237c6d129d1ea13ae2bf24da393b4be34d6bd6305c1cf29fb73931 --id-revision-ij_map 0 --files-ij_map C:\Users\PREDATOR\AppData\Local\JetBrains\Rider2024.3\event-log-data\logs\IJ_MAP\016c-48ee-97ed-71ae8eaaf60b-243.23654.126-release.log;C:\Users\PREDATOR\AppData\Local\JetBrains\Rider2024.3\event-log-data\logs\IJ_MAP\4f0f-4359-a680-9d4a346c2c0e-243.23654.126-release.log;C:\Users\PREDATOR\AppData\Local\JetBrains\Rider2024.3\event-log-data\logs\IJ_MAP\58c9-4cad-896b-545301c27da9-243.23654.126-release.log;C:\Users\PREDATOR\AppData\Local\JetBrains\Rider2024.3\event-log-data\logs\IJ_MAP\8040-4f2d-b1f7-7828c4225685-243.23654.126-release.log;C:\Users\PREDATOR\AppData\Local\JetBrains\Rider2024.3\event-log-data\logs\IJ_MAP\9b01-476f-8bca-c31986d6a5ac-243.23654.126-release.log --escape-ij_map false --device-ml 290125152ac31e8-3938-499a-9bce-58a56c3cbb30 --bucket-ml 158 --machine-ml 7e65cab619237c6d129d1ea13ae2bf24da393b4be34d6bd6305c1cf29fb73931 --id-revision-ml 0 --files-ml C:\Users\PREDATOR\AppData\Local\JetBrains\Rider2024.3\event-log-data\logs\ML\d7b6-4daf-811e-8c94fb3cf209-243.23654.126-release.log --escape-ml false --url https://resources.jetbrains.com/storage/fus/config/v4/%s/%s.json --product RD --product-version 2024.3.4 --baseline-version 243 --user-agent JetBrains Rider/243.23654.126 --extra-headers 

Host: Intel(R) Core(TM) i7-14700HX, 28 cores, 15G,  Windows 11 , 64 bit Build 26100 (10.0.26100.3775)
Time: Tue Apr 29 12:22:44 2025 SE Asia Standard Time elapsed time: 0.008633 seconds (0d 0h 0m 0s)

---------------  T H R E A D  ---------------

Current thread (0x000001aa0b7254d0):  JavaThread "Unknown thread" [_thread_in_vm, id=73224, stack(0x0000003ab0c00000,0x0000003ab0d00000) (1024K)]

Stack: [0x0000003ab0c00000,0x0000003ab0d00000]
Native frames: (J=compiled Java code, j=interpreted, Vv=VM code, C=native code)
V  [jvm.dll+0x6e52b9]
V  [jvm.dll+0x8c3633]
V  [jvm.dll+0x8c5b8e]
V  [jvm.dll+0x8c6273]
V  [jvm.dll+0x288f46]
V  [jvm.dll+0x6e1a35]
V  [jvm.dll+0x6d5e3a]
V  [jvm.dll+0x3634bb]
V  [jvm.dll+0x36b086]
V  [jvm.dll+0x3bd346]
V  [jvm.dll+0x3bd618]
V  [jvm.dll+0x335c2c]
V  [jvm.dll+0x33691b]
V  [jvm.dll+0x88aa89]
V  [jvm.dll+0x3ca518]
V  [jvm.dll+0x873b98]
V  [jvm.dll+0x45eede]
V  [jvm.dll+0x460bc1]
C  [jli.dll+0x52ab]
C  [ucrtbase.dll+0x37b0]
C  [KERNEL32.DLL+0x2e8d7]
C  [ntdll.dll+0xb14fc]


---------------  P R O C E S S  ---------------

Threads class SMR info:
_java_thread_list=0x00007fff6180a148, length=0, elements={
}

Java Threads: ( => current thread )
Total: 0

Other Threads:
  0x000001aa0d276920 WorkerThread "GC Thread#0"                     [id=73228, stack(0x0000003ab0d00000,0x0000003ab0e00000) (1024K)]
  0x000001aa0d2882c0 ConcurrentGCThread "G1 Main Marker"            [id=73232, stack(0x0000003ab0e00000,0x0000003ab0f00000) (1024K)]
  0x000001aa0d2894e0 WorkerThread "G1 Conc#0"                       [id=73236, stack(0x0000003ab0f00000,0x0000003ab1000000) (1024K)]

[error occurred during error reporting (printing all threads), id 0xc0000005, EXCEPTION_ACCESS_VIOLATION (0xc0000005) at pc=0x00007fff60ef8ce7]
VM state: not at safepoint (not fully initialized)

VM Mutex/Monitor currently owned by a thread:  ([mutex/lock_event])
[0x00007fff6187eb30] Heap_lock - owner thread: 0x000001aa0b7254d0

Heap address: 0x0000000704800000, size: 4024 MB, Compressed Oops mode: Zero based, Oop shift amount: 3

CDS archive(s) mapped at: [0x0000000000000000-0x0000000000000000-0x0000000000000000), size 0, SharedBaseAddress: 0x0000000800000000, ArchiveRelocationMode: 1.
Narrow klass base: 0x0000000000000000, Narrow klass shift: 0, Narrow klass range: 0x0

GC Precious Log:
 CardTable entry size: 512
 Card Set container configuration: InlinePtr #cards 4 size 8 Array Of Cards #cards 16 size 48 Howl #buckets 8 coarsen threshold 3686 Howl Bitmap #cards 512 size 80 coarsen threshold 460 Card regions per heap region 1 cards per card region 4096

Heap:
 garbage-first heap   total 0K, used 0K [0x0000000704800000, 0x0000000800000000)
  region size 2048K, 0 young (0K), 0 survivors (0K)
 Metaspace       used 0K, committed 0K, reserved 0K
  class space    used 0K, committed 0K, reserved 0K

Heap Regions: E=young(eden), S=young(survivor), O=old, HS=humongous(starts), HC=humongous(continues), CS=collection set, F=free, TAMS=top-at-mark-start, PB=parsable bottom

Card table byte_map: [0x000001aa220d0000,0x000001aa228b0000] _byte_map_base: 0x000001aa1e8ac000

Marking Bits: (CMBitMap*) 0x000001aa0d276f30
 Bits: [0x000001aa228b0000, 0x000001aa26790000)

GC Heap History (0 events):
No events

Dll operation events (1 events):
Event: 0.005 Loaded shared library C:\Program Files\JetBrains\JetBrains Rider 2024.3.4\jbr\bin\java.dll

Deoptimization events (0 events):
No events

Classes loaded (0 events):
No events

Classes unloaded (0 events):
No events

Classes redefined (0 events):
No events

Internal exceptions (0 events):
No events

ZGC Phase Switch (0 events):
No events

VM Operations (0 events):
No events

Memory protections (0 events):
No events

Nmethod flushes (0 events):
No events

Events (0 events):
No events


Dynamic libraries:
0x00007ff71e4e0000 - 0x00007ff71e4ea000 	C:\Program Files\JetBrains\JetBrains Rider 2024.3.4\jbr\bin\java.exe
0x00007ff88d340000 - 0x00007ff88d5a0000 	C:\WINDOWS\SYSTEM32\ntdll.dll
0x00007ff88bfe0000 - 0x00007ff88c0a7000 	C:\WINDOWS\System32\KERNEL32.DLL
0x00007ff88a520000 - 0x00007ff88a8ea000 	C:\WINDOWS\System32\KERNELBASE.dll
0x00007ff88adf0000 - 0x00007ff88af3b000 	C:\WINDOWS\System32\ucrtbase.dll
0x00007ff86d1c0000 - 0x00007ff86d1db000 	C:\Program Files\JetBrains\JetBrains Rider 2024.3.4\jbr\bin\VCRUNTIME140.dll
0x00007ff86fcf0000 - 0x00007ff86fd08000 	C:\Program Files\JetBrains\JetBrains Rider 2024.3.4\jbr\bin\jli.dll
0x00007ff88c580000 - 0x00007ff88c74c000 	C:\WINDOWS\System32\USER32.dll
0x00007ff864870000 - 0x00007ff864b07000 	C:\WINDOWS\WinSxS\amd64_microsoft.windows.common-controls_6595b64144ccf1df_6.0.26100.3624_none_3e086962e3345f24\COMCTL32.dll
0x00007ff88adc0000 - 0x00007ff88ade7000 	C:\WINDOWS\System32\win32u.dll
0x00007ff88b720000 - 0x00007ff88b7c9000 	C:\WINDOWS\System32\msvcrt.dll
0x00007ff88b180000 - 0x00007ff88b1aa000 	C:\WINDOWS\System32\GDI32.dll
0x00007ff88abd0000 - 0x00007ff88ad01000 	C:\WINDOWS\System32\gdi32full.dll
0x00007ff88ad10000 - 0x00007ff88adb3000 	C:\WINDOWS\System32\msvcp_win.dll
0x00007ff88c750000 - 0x00007ff88c77f000 	C:\WINDOWS\System32\IMM32.DLL
0x00007ff87d7a0000 - 0x00007ff87d7ac000 	C:\Program Files\JetBrains\JetBrains Rider 2024.3.4\jbr\bin\vcruntime140_1.dll
0x00007fff54690000 - 0x00007fff5471d000 	C:\Program Files\JetBrains\JetBrains Rider 2024.3.4\jbr\bin\msvcp140.dll
0x00007fff60bb0000 - 0x00007fff61971000 	C:\Program Files\JetBrains\JetBrains Rider 2024.3.4\jbr\bin\server\jvm.dll
0x00007ff88d230000 - 0x00007ff88d2e2000 	C:\WINDOWS\System32\ADVAPI32.dll
0x00007ff88bd90000 - 0x00007ff88be36000 	C:\WINDOWS\System32\sechost.dll
0x00007ff88c0b0000 - 0x00007ff88c1c6000 	C:\WINDOWS\System32\RPCRT4.dll
0x00007ff88b310000 - 0x00007ff88b384000 	C:\WINDOWS\System32\WS2_32.dll
0x00007ff87b880000 - 0x00007ff87b8b6000 	C:\WINDOWS\SYSTEM32\WINMM.dll
0x00007ff87cf60000 - 0x00007ff87cf6b000 	C:\WINDOWS\SYSTEM32\VERSION.dll
0x00007ff889190000 - 0x00007ff8891ee000 	C:\WINDOWS\SYSTEM32\POWRPROF.dll
0x00007ff889170000 - 0x00007ff889184000 	C:\WINDOWS\SYSTEM32\UMPDC.dll
0x00007ff8893f0000 - 0x00007ff88940a000 	C:\WINDOWS\SYSTEM32\kernel.appcore.dll
0x00007ff87d760000 - 0x00007ff87d76a000 	C:\Program Files\JetBrains\JetBrains Rider 2024.3.4\jbr\bin\jimage.dll
0x00007ff887820000 - 0x00007ff887a61000 	C:\WINDOWS\SYSTEM32\DBGHELP.DLL
0x00007ff88b390000 - 0x00007ff88b712000 	C:\WINDOWS\System32\combase.dll
0x00007ff88c4a0000 - 0x00007ff88c576000 	C:\WINDOWS\System32\OLEAUT32.dll
0x00007ff8699d0000 - 0x00007ff869a09000 	C:\WINDOWS\SYSTEM32\dbgcore.DLL
0x00007ff88aa70000 - 0x00007ff88ab09000 	C:\WINDOWS\System32\bcryptPrimitives.dll
0x00007ff8685b0000 - 0x00007ff8685d0000 	C:\Program Files\JetBrains\JetBrains Rider 2024.3.4\jbr\bin\java.dll

dbghelp: loaded successfully - version: 4.0.5 - missing functions: none
symbol engine: initialized successfully - sym options: 0x614 - pdb path: .;C:\Program Files\JetBrains\JetBrains Rider 2024.3.4\jbr\bin;C:\WINDOWS\SYSTEM32;C:\WINDOWS\WinSxS\amd64_microsoft.windows.common-controls_6595b64144ccf1df_6.0.26100.3624_none_3e086962e3345f24;C:\Program Files\JetBrains\JetBrains Rider 2024.3.4\jbr\bin\server

VM Arguments:
jvm_args: -Djava.io.tmpdir=C:\Users\PREDATOR\AppData\Local\JetBrains\Rider2024.3\tmp\statistics-uploader 
java_command: com.intellij.internal.statistic.uploader.EventLogUploader --ide-token C:\Users\PREDATOR\AppData\Local\JetBrains\Rider2024.3\token --recorders FUS;MP;IJ_MAP;ML --device-fus 290125152ac31e8-3938-499a-9bce-58a56c3cbb30 --bucket-fus 158 --machine-fus 7e65cab619237c6d129d1ea13ae2bf24da393b4be34d6bd6305c1cf29fb73931 --id-revision-fus 0 --files-fus C:\Users\PREDATOR\AppData\Local\JetBrains\Rider2024.3\event-log-data\logs\FUS\0ecb-47e9-9c36-8e6f6fddf0a3-243.23654.126-release.log;C:\Users\PREDATOR\AppData\Local\JetBrains\Rider2024.3\event-log-data\logs\FUS\5d11-4872-9b5f-d51b9de000e2-243.23654.126-release.log --escape-fus false --device-mp 2901251e7bbb4e6-6919-48cc-a274-6789ab13dfa1 --bucket-mp 61 --machine-mp 24d849382b782d6d1367923e7a049165affcee9532714fbff7eb7ef90a516f06 --id-revision-mp 0 --files-mp C:\Users\PREDATOR\AppData\Local\JetBrains\Rider2024.3\event-log-data\logs\MP\da42-4db4-88e7-3bed2d63ec50-243.23654.126-release.log --escape-mp false --device-ij_map 290125152ac31e8-3938-499a-9bce-58a56c3cbb30 --bucket-ij_map 158 --machine-ij_map 7e65cab619237c6d129d1ea13ae2bf24da393b4be34d6bd6305c1cf29fb73931 --id-revision-ij_map 0 --files-ij_map C:\Users\PREDATOR\AppData\Local\JetBrains\Rider2024.3\event-log-data\logs\IJ_MAP\016c-48ee-97ed-71ae8eaaf60b-243.23654.126-release.log;C:\Users\PREDATOR\AppData\Local\JetBrains\Rider2024.3\event-log-data\logs\IJ_MAP\4f0f-4359-a680-9d4a346c2c0e-243.23654.126-release.log;C:\Users\PREDATOR\AppData\Local\JetBrains\Rider2024.3\event-log-data\logs\IJ_MAP\58c9-4cad-896b-545301c27da9-243.23654.126-release.log;C:\Users\PREDATOR\AppData\Local\JetBrains\Rider2024.3\event-log-data\logs\IJ_MAP\8040-4f2d-b1f7-7828c4225685-243.23654.126-release.log;C:\Users\PREDATOR\AppData\Local\JetBrains\Rider2024.3\event-log-data\logs\IJ_MAP\9b01-476f-8bca-c31986d6a5ac-243.23654.126-release.log --escape-ij_map false --device-ml 290125152ac31e8-3938-499a-9bce-58a56c3cbb30 --bucket-ml 158 --machine-ml 7e65cab619237c6d129d1ea13ae2bf24da393b4be34d6bd
java_class_path (initial): C:\Program Files\JetBrains\JetBrains Rider 2024.3.4\lib\util-8.jar;C:\Program Files\JetBrains\JetBrains Rider 2024.3.4\lib\annotations.jar;C:\Program Files\JetBrains\JetBrains Rider 2024.3.4\lib\lib-client.jar;C:\Program Files\JetBrains\JetBrains Rider 2024.3.4\lib\stats.jar
Launcher Type: SUN_STANDARD

[Global flags]
     intx CICompilerCount                          = 12                                        {product} {ergonomic}
     uint ConcGCThreads                            = 5                                         {product} {ergonomic}
     uint G1ConcRefinementThreads                  = 20                                        {product} {ergonomic}
   size_t G1HeapRegionSize                         = 2097152                                   {product} {ergonomic}
    uintx GCDrainStackTargetSize                   = 64                                        {product} {ergonomic}
   size_t InitialHeapSize                          = 264241152                                 {product} {ergonomic}
   size_t MarkStackSize                            = 4194304                                   {product} {ergonomic}
   size_t MaxHeapSize                              = 4219469824                                {product} {ergonomic}
   size_t MinHeapDeltaBytes                        = 2097152                                   {product} {ergonomic}
   size_t MinHeapSize                              = 8388608                                   {product} {ergonomic}
    uintx NonNMethodCodeHeapSize                   = 7602480                                {pd product} {ergonomic}
    uintx NonProfiledCodeHeapSize                  = 122027880                              {pd product} {ergonomic}
    uintx ProfiledCodeHeapSize                     = 122027880                              {pd product} {ergonomic}
    uintx ReservedCodeCacheSize                    = 251658240                              {pd product} {ergonomic}
     bool SegmentedCodeCache                       = true                                      {product} {ergonomic}
   size_t SoftMaxHeapSize                          = 4219469824                             {manageable} {ergonomic}
     bool UseCompressedOops                        = true                           {product lp64_product} {ergonomic}
     bool UseG1GC                                  = true                                      {product} {ergonomic}
     bool UseLargePagesIndividualAllocation        = false                                  {pd product} {ergonomic}

Logging:
Log output configuration:
 #0: stdout all=warning uptime,level,tags foldmultilines=false
 #1: stderr all=off uptime,level,tags foldmultilines=false

Environment Variables:
PATH=C:\WINDOWS\system32;C:\WINDOWS;C:\WINDOWS\System32\Wbem;C:\WINDOWS\System32\WindowsPowerShell\v1.0\;C:\WINDOWS\System32\OpenSSH\;C:\Program Files (x86)\NVIDIA Corporation\PhysX\Common;C:\Program Files\NVIDIA Corporation\NVIDIA NvDLISR;C:\Program Files\dotnet\;C:\Users\PREDATOR\AppData\Local\Microsoft\WindowsApps;C:\Users\PREDATOR\AppData\Local\Programs\Microsoft VS Code\bin;C:\Users\PREDATOR\AppData\Local\GitHubDesktop\bin;C:\Users\PREDATOR\.dotnet\tools
USERNAME=PREDATOR
OS=Windows_NT
PROCESSOR_IDENTIFIER=Intel64 Family 6 Model 183 Stepping 1, GenuineIntel
TMP=C:\Users\PREDATOR\AppData\Local\Temp
TEMP=C:\Users\PREDATOR\AppData\Local\Temp




Periodic native trim disabled

JNI global refs:
JNI global refs: 0, weak refs: 0

JNI global refs memory usage: 0, weak refs: 0

Process memory usage:
Resident Set Size: 13300K (0% of 16474168K total physical memory with 1545580K free physical memory)

OOME stack traces (most recent first):
Classloader memory used:

---------------  S Y S T E M  ---------------

OS:
 Windows 11 , 64 bit Build 26100 (10.0.26100.3775)
OS uptime: 2 days 16:58 hours
Hyper-V role detected

CPU: total 28 (initial active 28) (14 cores per cpu, 2 threads per core) family 6 model 183 stepping 1 microcode 0x120, cx8, cmov, fxsr, ht, mmx, 3dnowpref, sse, sse2, sse3, ssse3, sse4.1, sse4.2, popcnt, lzcnt, tsc, tscinvbit, avx, avx2, aes, erms, clmul, bmi1, bmi2, adx, sha, fma, vzeroupper, clflush, clflushopt, clwb, hv, serialize, rdtscp, rdpid, fsrm, f16c, cet_ibt, cet_ss
Processor Information for processor 0
  Max Mhz: 2100, Current Mhz: 2100, Mhz Limit: 2100
Processor Information for processor 1
  Max Mhz: 2100, Current Mhz: 1453, Mhz Limit: 2100
Processor Information for processor 2
  Max Mhz: 2100, Current Mhz: 2100, Mhz Limit: 2100
Processor Information for processor 3
  Max Mhz: 2100, Current Mhz: 1453, Mhz Limit: 2100
Processor Information for processor 4
  Max Mhz: 2100, Current Mhz: 2100, Mhz Limit: 2100
Processor Information for processor 5
  Max Mhz: 2100, Current Mhz: 2100, Mhz Limit: 2100
Processor Information for processor 6
  Max Mhz: 2100, Current Mhz: 2100, Mhz Limit: 2100
Processor Information for processor 7
  Max Mhz: 2100, Current Mhz: 2100, Mhz Limit: 2100
Processor Information for processor 8
  Max Mhz: 2100, Current Mhz: 2100, Mhz Limit: 2100
Processor Information for processor 9
  Max Mhz: 2100, Current Mhz: 2100, Mhz Limit: 2100
Processor Information for processor 10
  Max Mhz: 2100, Current Mhz: 2100, Mhz Limit: 2100
Processor Information for processor 11
  Max Mhz: 2100, Current Mhz: 2100, Mhz Limit: 2100
Processor Information for processor 12
  Max Mhz: 2100, Current Mhz: 2100, Mhz Limit: 2100
Processor Information for processor 13
  Max Mhz: 2100, Current Mhz: 2100, Mhz Limit: 2100
Processor Information for processor 14
  Max Mhz: 2100, Current Mhz: 2100, Mhz Limit: 2100
Processor Information for processor 15
  Max Mhz: 2100, Current Mhz: 2100, Mhz Limit: 2100
Processor Information for processor 16
  Max Mhz: 2100, Current Mhz: 2100, Mhz Limit: 2100
Processor Information for processor 17
  Max Mhz: 2100, Current Mhz: 2100, Mhz Limit: 2100
Processor Information for processor 18
  Max Mhz: 2100, Current Mhz: 1540, Mhz Limit: 2100
Processor Information for processor 19
  Max Mhz: 2100, Current Mhz: 2100, Mhz Limit: 2100
Processor Information for processor 20
  Max Mhz: 2100, Current Mhz: 1540, Mhz Limit: 2100
Processor Information for processor 21
  Max Mhz: 2100, Current Mhz: 1540, Mhz Limit: 2100
Processor Information for processor 22
  Max Mhz: 2100, Current Mhz: 2100, Mhz Limit: 2100
Processor Information for processor 23
  Max Mhz: 2100, Current Mhz: 1540, Mhz Limit: 2100
Processor Information for processor 24
  Max Mhz: 2100, Current Mhz: 2100, Mhz Limit: 2100
Processor Information for processor 25
  Max Mhz: 2100, Current Mhz: 2100, Mhz Limit: 2100
Processor Information for processor 26
  Max Mhz: 2100, Current Mhz: 1540, Mhz Limit: 2100
Processor Information for processor 27
  Max Mhz: 2100, Current Mhz: 1540, Mhz Limit: 2100

Memory: 4k page, system-wide physical 16088M (1509M free)
TotalPageFile size 33134M (AvailPageFile size 96M)
current process WorkingSet (physical memory assigned to process): 13M, peak: 13M
current process commit charge ("private bytes"): 85M, peak: 337M

vm_info: OpenJDK 64-Bit Server VM (21.0.5+8-b631.30) for windows-amd64 JRE (21.0.5+8-b631.30), built on 2024-12-06 by "builduser" with MS VC++ 16.10 / 16.11 (VS2019)

END.
